<?xml version="1.0" encoding="UTF-8"?>
<testng-results skipped="0" failed="0" ignored="0" total="1" passed="1">
  <reporter-output>
  </reporter-output>
  <suite name="Default suite" duration-ms="81487" started-at="2021-06-01T11:17:32Z" finished-at="2021-06-01T11:18:53Z">
    <groups>
    </groups>
    <test name="Default test" duration-ms="81487" started-at="2021-06-01T11:17:32Z" finished-at="2021-06-01T11:18:53Z">
      <class name="DriverLesson1.LibraryTest">
        <test-method status="PASS" signature="launchDriver()[pri:0, instance:DriverLesson1.LibraryTest@12b0404f]" name="launchDriver" duration-ms="81341" started-at="2021-06-01T11:17:32Z" finished-at="2021-06-01T11:18:53Z">
          <reporter-output>
          </reporter-output>
        </test-method> <!-- launchDriver -->
      </class> <!-- DriverLesson1.LibraryTest -->
    </test> <!-- Default test -->
  </suite> <!-- Default suite -->
</testng-results>
